# JRE version: Java(TM) SE Runtime Environment (8.0_72-b15) (build 1.8.0_72-b15)
# Java VM: Java HotSpot(TM) 64-Bit Server VM (25.72-b15 mixed mode windows-amd64 compressed oops)
Heap:
 PSYoungGen      total 1223168K, used 125829K [0x000000076ab00000, 0x00000007c0000000, 0x00000007c0000000)
  eden space 1048576K, 12% used [0x000000076ab00000,0x00000007725e1668,0x00000007aab00000)
  from space 174592K, 0% used [0x00000007aab00000,0x00000007aab00000,0x00000007b5580000)
  to   space 174592K, 0% used [0x00000007b5580000,0x00000007b5580000,0x00000007c0000000)
 ParOldGen       total 2796544K, used 16362K [0x00000006c0000000, 0x000000076ab00000, 0x000000076ab00000)
  object space 2796544K, 0% used [0x00000006c0000000,0x00000006c0ffa998,0x000000076ab00000)
 Metaspace       used 23488K, capacity 24214K, committed 24496K, reserved 1071104K
  class space    used 3015K, capacity 3215K, committed 3248K, reserved 1048576K
GC Heap History (4 events):
Event: 3.878 GC heap before
{Heap before GC invocations=1 (full 0):
 PSYoungGen      total 1223168K, used 272630K [0x000000076ab00000, 0x00000007c0000000, 0x00000007c0000000)
  eden space 1048576K, 26% used [0x000000076ab00000,0x000000077b53da48,0x00000007aab00000)
  from space 174592K, 0% used [0x00000007b5580000,0x00000007b5580000,0x00000007c0000000)
  to   space 174592K, 0% used [0x00000007aab00000,0x00000007aab00000,0x00000007b5580000)
 ParOldGen       total 2796544K, used 0K [0x00000006c0000000, 0x000000076ab00000, 0x000000076ab00000)
  object space 2796544K, 0% used [0x00000006c0000000,0x00000006c0000000,0x000000076ab00000)
 Metaspace       used 20626K, capacity 21140K, committed 21296K, reserved 1067008K
  class space    used 2672K, capacity 2824K, committed 2864K, reserved 1048576K
Event: 3.894 GC heap after
Heap after GC invocations=1 (full 0):
 PSYoungGen      total 1223168K, used 17185K [0x000000076ab00000, 0x00000007c0000000, 0x00000007c0000000)
  eden space 1048576K, 0% used [0x000000076ab00000,0x000000076ab00000,0x00000007aab00000)
  from space 174592K, 9% used [0x00000007aab00000,0x00000007abbc87f0,0x00000007b5580000)
  to   space 174592K, 0% used [0x00000007b5580000,0x00000007b5580000,0x00000007c0000000)
 ParOldGen       total 2796544K, used 16K [0x00000006c0000000, 0x000000076ab00000, 0x000000076ab00000)
  object space 2796544K, 0% used [0x00000006c0000000,0x00000006c0004000,0x000000076ab00000)
 Metaspace       used 20626K, capacity 21140K, committed 21296K, reserved 1067008K
  class space    used 2672K, capacity 2824K, committed 2864K, reserved 1048576K
}
Event: 3.894 GC heap before
{Heap before GC invocations=2 (full 1):
 PSYoungGen      total 1223168K, used 17185K [0x000000076ab00000, 0x00000007c0000000, 0x00000007c0000000)
  eden space 1048576K, 0% used [0x000000076ab00000,0x000000076ab00000,0x00000007aab00000)
  from space 174592K, 9% used [0x00000007aab00000,0x00000007abbc87f0,0x00000007b5580000)
  to   space 174592K, 0% used [0x00000007b5580000,0x00000007b5580000,0x00000007c0000000)
 ParOldGen       total 2796544K, used 16K [0x00000006c0000000, 0x000000076ab00000, 0x000000076ab00000)
  object space 2796544K, 0% used [0x00000006c0000000,0x00000006c0004000,0x000000076ab00000)
 Metaspace       used 20626K, capacity 21140K, committed 21296K, reserved 1067008K
  class space    used 2672K, capacity 2824K, committed 2864K, reserved 1048576K
Event: 3.927 GC heap after
Heap after GC invocations=2 (full 1):
 PSYoungGen      total 1223168K, used 0K [0x000000076ab00000, 0x00000007c0000000, 0x00000007c0000000)
  eden space 1048576K, 0% used [0x000000076ab00000,0x000000076ab00000,0x00000007aab00000)
  from space 174592K, 0% used [0x00000007aab00000,0x00000007aab00000,0x00000007b5580000)
  to   space 174592K, 0% used [0x00000007b5580000,0x00000007b5580000,0x00000007c0000000)
 ParOldGen       total 2796544K, used 16362K [0x00000006c0000000, 0x000000076ab00000, 0x000000076ab00000)
  object space 2796544K, 0% used [0x00000006c0000000,0x00000006c0ffa998,0x000000076ab00000)
 Metaspace       used 20624K, capacity 21134K, committed 21296K, reserved 1067008K
  class space    used 2672K, capacity 2823K, committed 2864K, reserved 1048576K
}

