# JRE version: Java(TM) SE Runtime Environment (8.0_72-b15) (build 1.8.0_72-b15)
# Java VM: Java HotSpot(TM) 64-Bit Server VM (25.72-b15 mixed mode windows-amd64 compressed oops)
Heap:
 PSYoungGen      total 214016K, used 32525K [0x00000000d6f80000, 0x00000000e5200000, 0x0000000100000000)
  eden space 197632K, 8% used [0x00000000d6f80000,0x00000000d7f43ac8,0x00000000e3080000)
  from space 16384K, 99% used [0x00000000e3200000,0x00000000e41ffbb8,0x00000000e4200000)
  to   space 9216K, 0% used [0x00000000e4900000,0x00000000e4900000,0x00000000e5200000)
 ParOldGen       total 86528K, used 22459K [0x0000000084e00000, 0x000000008a280000, 0x00000000d6f80000)
  object space 86528K, 25% used [0x0000000084e00000,0x00000000863eeeb0,0x000000008a280000)
 Metaspace       used 51707K, capacity 53728K, committed 54184K, reserved 1095680K
  class space    used 6888K, capacity 7299K, committed 7344K, reserved 1048576K
GC Heap History (10 events):
Event: 11.036 GC heap before
{Heap before GC invocations=9 (full 1):
 PSYoungGen      total 131584K, used 131568K [0x00000000d6f80000, 0x00000000e2080000, 0x0000000100000000)
  eden space 121856K, 100% used [0x00000000d6f80000,0x00000000de680000,0x00000000de680000)
  from space 9728K, 99% used [0x00000000de680000,0x00000000deffc040,0x00000000df000000)
  to   space 12288K, 0% used [0x00000000e1480000,0x00000000e1480000,0x00000000e2080000)
 ParOldGen       total 56832K, used 11247K [0x0000000084e00000, 0x0000000088580000, 0x00000000d6f80000)
  object space 56832K, 19% used [0x0000000084e00000,0x00000000858fbe80,0x0000000088580000)
 Metaspace       used 32424K, capacity 34014K, committed 34224K, reserved 1079296K
  class space    used 4224K, capacity 4520K, committed 4528K, reserved 1048576K
Event: 11.089 GC heap after
Heap after GC invocations=9 (full 1):
 PSYoungGen      total 165376K, used 12262K [0x00000000d6f80000, 0x00000000e4a00000, 0x0000000100000000)
  eden space 153088K, 0% used [0x00000000d6f80000,0x00000000d6f80000,0x00000000e0500000)
  from space 12288K, 99% used [0x00000000e1480000,0x00000000e2079af8,0x00000000e2080000)
  to   space 15872K, 0% used [0x00000000e0500000,0x00000000e0500000,0x00000000e1480000)
 ParOldGen       total 56832K, used 14828K [0x0000000084e00000, 0x0000000088580000, 0x00000000d6f80000)
  object space 56832K, 26% used [0x0000000084e00000,0x0000000085c7b000,0x0000000088580000)
 Metaspace       used 32424K, capacity 34014K, committed 34224K, reserved 1079296K
  class space    used 4224K, capacity 4520K, committed 4528K, reserved 1048576K
}
Event: 11.937 GC heap before
{Heap before GC invocations=10 (full 1):
 PSYoungGen      total 165376K, used 34018K [0x00000000d6f80000, 0x00000000e4a00000, 0x0000000100000000)
  eden space 153088K, 14% used [0x00000000d6f80000,0x00000000d84bee58,0x00000000e0500000)
  from space 12288K, 99% used [0x00000000e1480000,0x00000000e2079af8,0x00000000e2080000)
  to   space 15872K, 0% used [0x00000000e0500000,0x00000000e0500000,0x00000000e1480000)
 ParOldGen       total 56832K, used 14828K [0x0000000084e00000, 0x0000000088580000, 0x00000000d6f80000)
  object space 56832K, 26% used [0x0000000084e00000,0x0000000085c7b000,0x0000000088580000)
 Metaspace       used 33772K, capacity 35396K, committed 35496K, reserved 1079296K
  class space    used 4399K, capacity 4735K, committed 4784K, reserved 1048576K
Event: 11.950 GC heap after
Heap after GC invocations=10 (full 1):
 PSYoungGen      total 168960K, used 11913K [0x00000000d6f80000, 0x00000000e5980000, 0x0000000100000000)
  eden space 153088K, 0% used [0x00000000d6f80000,0x00000000d6f80000,0x00000000e0500000)
  from space 15872K, 75% used [0x00000000e0500000,0x00000000e10a27c0,0x00000000e1480000)
  to   space 16896K, 0% used [0x00000000e4900000,0x00000000e4900000,0x00000000e5980000)
 ParOldGen       total 56832K, used 16666K [0x0000000084e00000, 0x0000000088580000, 0x00000000d6f80000)
  object space 56832K, 29% used [0x0000000084e00000,0x0000000085e46b48,0x0000000088580000)
 Metaspace       used 33772K, capacity 35396K, committed 35496K, reserved 1079296K
  class space    used 4399K, capacity 4735K, committed 4784K, reserved 1048576K
}
Event: 11.950 GC heap before
{Heap before GC invocations=11 (full 2):
 PSYoungGen      total 168960K, used 11913K [0x00000000d6f80000, 0x00000000e5980000, 0x0000000100000000)
  eden space 153088K, 0% used [0x00000000d6f80000,0x00000000d6f80000,0x00000000e0500000)
  from space 15872K, 75% used [0x00000000e0500000,0x00000000e10a27c0,0x00000000e1480000)
  to   space 16896K, 0% used [0x00000000e4900000,0x00000000e4900000,0x00000000e5980000)
 ParOldGen       total 56832K, used 16666K [0x0000000084e00000, 0x0000000088580000, 0x00000000d6f80000)
  object space 56832K, 29% used [0x0000000084e00000,0x0000000085e46b48,0x0000000088580000)
 Metaspace       used 33772K, capacity 35396K, committed 35496K, reserved 1079296K
  class space    used 4399K, capacity 4735K, committed 4784K, reserved 1048576K
Event: 12.076 GC heap after
Heap after GC invocations=11 (full 2):
 PSYoungGen      total 168960K, used 0K [0x00000000d6f80000, 0x00000000e5980000, 0x0000000100000000)
  eden space 153088K, 0% used [0x00000000d6f80000,0x00000000d6f80000,0x00000000e0500000)
  from space 15872K, 0% used [0x00000000e0500000,0x00000000e0500000,0x00000000e1480000)
  to   space 16896K, 0% used [0x00000000e4900000,0x00000000e4900000,0x00000000e5980000)
 ParOldGen       total 86528K, used 17802K [0x0000000084e00000, 0x000000008a280000, 0x00000000d6f80000)
  object space 86528K, 20% used [0x0000000084e00000,0x0000000085f62ae0,0x000000008a280000)
 Metaspace       used 33772K, capacity 35396K, committed 35496K, reserved 1079296K
  class space    used 4399K, capacity 4735K, committed 4784K, reserved 1048576K
}
Event: 15.254 GC heap before
{Heap before GC invocations=12 (full 2):
 PSYoungGen      total 168960K, used 153088K [0x00000000d6f80000, 0x00000000e5980000, 0x0000000100000000)
  eden space 153088K, 100% used [0x00000000d6f80000,0x00000000e0500000,0x00000000e0500000)
  from space 15872K, 0% used [0x00000000e0500000,0x00000000e0500000,0x00000000e1480000)
  to   space 16896K, 0% used [0x00000000e4900000,0x00000000e4900000,0x00000000e5980000)
 ParOldGen       total 86528K, used 17802K [0x0000000084e00000, 0x000000008a280000, 0x00000000d6f80000)
  object space 86528K, 20% used [0x0000000084e00000,0x0000000085f62ae0,0x000000008a280000)
 Metaspace       used 38113K, capacity 39954K, committed 40232K, reserved 1083392K
  class space    used 4934K, capacity 5298K, committed 5424K, reserved 1048576K
Event: 15.278 GC heap after
Heap after GC invocations=12 (full 2):
 PSYoungGen      total 206848K, used 9160K [0x00000000d6f80000, 0x00000000e5200000, 0x0000000100000000)
  eden space 197632K, 0% used [0x00000000d6f80000,0x00000000d6f80000,0x00000000e3080000)
  from space 9216K, 99% used [0x00000000e4900000,0x00000000e51f2090,0x00000000e5200000)
  to   space 16384K, 0% used [0x00000000e3200000,0x00000000e3200000,0x00000000e4200000)
 ParOldGen       total 86528K, used 17802K [0x0000000084e00000, 0x000000008a280000, 0x00000000d6f80000)
  object space 86528K, 20% used [0x0000000084e00000,0x0000000085f62ae0,0x000000008a280000)
 Metaspace       used 38113K, capacity 39954K, committed 40232K, reserved 1083392K
  class space    used 4934K, capacity 5298K, committed 5424K, reserved 1048576K
}
Event: 19.302 GC heap before
{Heap before GC invocations=13 (full 2):
 PSYoungGen      total 206848K, used 206792K [0x00000000d6f80000, 0x00000000e5200000, 0x0000000100000000)
  eden space 197632K, 100% used [0x00000000d6f80000,0x00000000e3080000,0x00000000e3080000)
  from space 9216K, 99% used [0x00000000e4900000,0x00000000e51f2090,0x00000000e5200000)
  to   space 16384K, 0% used [0x00000000e3200000,0x00000000e3200000,0x00000000e4200000)
 ParOldGen       total 86528K, used 17802K [0x0000000084e00000, 0x000000008a280000, 0x00000000d6f80000)
  object space 86528K, 20% used [0x0000000084e00000,0x0000000085f62ae0,0x000000008a280000)
 Metaspace       used 50848K, capacity 52904K, committed 53288K, reserved 1095680K
  class space    used 6749K, capacity 7135K, committed 7216K, reserved 1048576K
Event: 19.321 GC heap after
Heap after GC invocations=13 (full 2):
 PSYoungGen      total 214016K, used 16382K [0x00000000d6f80000, 0x00000000e5200000, 0x0000000100000000)
  eden space 197632K, 0% used [0x00000000d6f80000,0x00000000d6f80000,0x00000000e3080000)
  from space 16384K, 99% used [0x00000000e3200000,0x00000000e41ffbb8,0x00000000e4200000)
  to   space 9216K, 0% used [0x00000000e4900000,0x00000000e4900000,0x00000000e5200000)
 ParOldGen       total 86528K, used 22459K [0x0000000084e00000, 0x000000008a280000, 0x00000000d6f80000)
  object space 86528K, 25% used [0x0000000084e00000,0x00000000863eeeb0,0x000000008a280000)
 Metaspace       used 50848K, capacity 52904K, committed 53288K, reserved 1095680K
  class space    used 6749K, capacity 7135K, committed 7216K, reserved 1048576K
}

