# JRE version: Java(TM) SE Runtime Environment (8.0_72-b15) (build 1.8.0_72-b15)
# Java VM: Java HotSpot(TM) 64-Bit Server VM (25.72-b15 mixed mode windows-amd64 compressed oops)
Heap:
 PSYoungGen      total 231936K, used 33886K [0x00000000d6f80000, 0x00000000e9e00000, 0x0000000100000000)
  eden space 215552K, 8% used [0x00000000d6f80000,0x00000000d809e240,0x00000000e4200000)
  from space 16384K, 99% used [0x00000000e4200000,0x00000000e51f95d0,0x00000000e5200000)
  to   space 21504K, 0% used [0x00000000e8900000,0x00000000e8900000,0x00000000e9e00000)
 ParOldGen       total 86016K, used 25054K [0x0000000084e00000, 0x000000008a200000, 0x00000000d6f80000)
  object space 86016K, 29% used [0x0000000084e00000,0x0000000086677bb0,0x000000008a200000)
 Metaspace       used 55612K, capacity 57594K, committed 57984K, reserved 1099776K
  class space    used 7372K, capacity 7756K, committed 7808K, reserved 1048576K
GC Heap History (10 events):
Event: 7.434 GC heap before
{Heap before GC invocations=9 (full 1):
 PSYoungGen      total 131072K, used 131065K [0x00000000d6f80000, 0x00000000e2a00000, 0x0000000100000000)
  eden space 120832K, 100% used [0x00000000d6f80000,0x00000000de580000,0x00000000de580000)
  from space 10240K, 99% used [0x00000000de580000,0x00000000def7e420,0x00000000def80000)
  to   space 12800K, 0% used [0x00000000e1d80000,0x00000000e1d80000,0x00000000e2a00000)
 ParOldGen       total 56832K, used 11335K [0x0000000084e00000, 0x0000000088580000, 0x00000000d6f80000)
  object space 56832K, 19% used [0x0000000084e00000,0x0000000085911ca8,0x0000000088580000)
 Metaspace       used 32478K, capacity 34134K, committed 34304K, reserved 1079296K
  class space    used 4248K, capacity 4558K, committed 4608K, reserved 1048576K
Event: 7.452 GC heap after
Heap after GC invocations=9 (full 1):
 PSYoungGen      total 175104K, used 12772K [0x00000000d6f80000, 0x00000000e4800000, 0x0000000100000000)
  eden space 162304K, 0% used [0x00000000d6f80000,0x00000000d6f80000,0x00000000e0e00000)
  from space 12800K, 99% used [0x00000000e1d80000,0x00000000e29f93d0,0x00000000e2a00000)
  to   space 15872K, 0% used [0x00000000e0e00000,0x00000000e0e00000,0x00000000e1d80000)
 ParOldGen       total 56832K, used 14197K [0x0000000084e00000, 0x0000000088580000, 0x00000000d6f80000)
  object space 56832K, 24% used [0x0000000084e00000,0x0000000085bdd778,0x0000000088580000)
 Metaspace       used 32478K, capacity 34134K, committed 34304K, reserved 1079296K
  class space    used 4248K, capacity 4558K, committed 4608K, reserved 1048576K
}
Event: 7.909 GC heap before
{Heap before GC invocations=10 (full 1):
 PSYoungGen      total 175104K, used 31404K [0x00000000d6f80000, 0x00000000e4800000, 0x0000000100000000)
  eden space 162304K, 11% used [0x00000000d6f80000,0x00000000d81b1d40,0x00000000e0e00000)
  from space 12800K, 99% used [0x00000000e1d80000,0x00000000e29f93d0,0x00000000e2a00000)
  to   space 15872K, 0% used [0x00000000e0e00000,0x00000000e0e00000,0x00000000e1d80000)
 ParOldGen       total 56832K, used 14197K [0x0000000084e00000, 0x0000000088580000, 0x00000000d6f80000)
  object space 56832K, 24% used [0x0000000084e00000,0x0000000085bdd778,0x0000000088580000)
 Metaspace       used 33835K, capacity 35452K, committed 35456K, reserved 1079296K
  class space    used 4426K, capacity 4735K, committed 4736K, reserved 1048576K
Event: 7.922 GC heap after
Heap after GC invocations=10 (full 1):
 PSYoungGen      total 178176K, used 12117K [0x00000000d6f80000, 0x00000000e6900000, 0x0000000100000000)
  eden space 162304K, 0% used [0x00000000d6f80000,0x00000000d6f80000,0x00000000e0e00000)
  from space 15872K, 76% used [0x00000000e0e00000,0x00000000e19d55e0,0x00000000e1d80000)
  to   space 16896K, 0% used [0x00000000e5880000,0x00000000e5880000,0x00000000e6900000)
 ParOldGen       total 56832K, used 16058K [0x0000000084e00000, 0x0000000088580000, 0x00000000d6f80000)
  object space 56832K, 28% used [0x0000000084e00000,0x0000000085dae918,0x0000000088580000)
 Metaspace       used 33835K, capacity 35452K, committed 35456K, reserved 1079296K
  class space    used 4426K, capacity 4735K, committed 4736K, reserved 1048576K
}
Event: 7.922 GC heap before
{Heap before GC invocations=11 (full 2):
 PSYoungGen      total 178176K, used 12117K [0x00000000d6f80000, 0x00000000e6900000, 0x0000000100000000)
  eden space 162304K, 0% used [0x00000000d6f80000,0x00000000d6f80000,0x00000000e0e00000)
  from space 15872K, 76% used [0x00000000e0e00000,0x00000000e19d55e0,0x00000000e1d80000)
  to   space 16896K, 0% used [0x00000000e5880000,0x00000000e5880000,0x00000000e6900000)
 ParOldGen       total 56832K, used 16058K [0x0000000084e00000, 0x0000000088580000, 0x00000000d6f80000)
  object space 56832K, 28% used [0x0000000084e00000,0x0000000085dae918,0x0000000088580000)
 Metaspace       used 33835K, capacity 35452K, committed 35456K, reserved 1079296K
  class space    used 4426K, capacity 4735K, committed 4736K, reserved 1048576K
Event: 8.014 GC heap after
Heap after GC invocations=11 (full 2):
 PSYoungGen      total 178176K, used 0K [0x00000000d6f80000, 0x00000000e6900000, 0x0000000100000000)
  eden space 162304K, 0% used [0x00000000d6f80000,0x00000000d6f80000,0x00000000e0e00000)
  from space 15872K, 0% used [0x00000000e0e00000,0x00000000e0e00000,0x00000000e1d80000)
  to   space 16896K, 0% used [0x00000000e5880000,0x00000000e5880000,0x00000000e6900000)
 ParOldGen       total 86016K, used 18070K [0x0000000084e00000, 0x000000008a200000, 0x00000000d6f80000)
  object space 86016K, 21% used [0x0000000084e00000,0x0000000085fa5b68,0x000000008a200000)
 Metaspace       used 33835K, capacity 35452K, committed 35456K, reserved 1079296K
  class space    used 4426K, capacity 4735K, committed 4736K, reserved 1048576K
}
Event: 10.434 GC heap before
{Heap before GC invocations=12 (full 2):
 PSYoungGen      total 178176K, used 162304K [0x00000000d6f80000, 0x00000000e6900000, 0x0000000100000000)
  eden space 162304K, 100% used [0x00000000d6f80000,0x00000000e0e00000,0x00000000e0e00000)
  from space 15872K, 0% used [0x00000000e0e00000,0x00000000e0e00000,0x00000000e1d80000)
  to   space 16896K, 0% used [0x00000000e5880000,0x00000000e5880000,0x00000000e6900000)
 ParOldGen       total 86016K, used 18070K [0x0000000084e00000, 0x000000008a200000, 0x00000000d6f80000)
  object space 86016K, 21% used [0x0000000084e00000,0x0000000085fa5b68,0x000000008a200000)
 Metaspace       used 38133K, capacity 40014K, committed 40192K, reserved 1083392K
  class space    used 4937K, capacity 5300K, committed 5376K, reserved 1048576K
Event: 10.447 GC heap after
Heap after GC invocations=12 (full 2):
 PSYoungGen      total 219136K, used 9249K [0x00000000d6f80000, 0x00000000e6200000, 0x0000000100000000)
  eden space 209408K, 0% used [0x00000000d6f80000,0x00000000d6f80000,0x00000000e3c00000)
  from space 9728K, 95% used [0x00000000e5880000,0x00000000e6188470,0x00000000e6200000)
  to   space 16384K, 0% used [0x00000000e4200000,0x00000000e4200000,0x00000000e5200000)
 ParOldGen       total 86016K, used 18078K [0x0000000084e00000, 0x000000008a200000, 0x00000000d6f80000)
  object space 86016K, 21% used [0x0000000084e00000,0x0000000085fa7b68,0x000000008a200000)
 Metaspace       used 38133K, capacity 40014K, committed 40192K, reserved 1083392K
  class space    used 4937K, capacity 5300K, committed 5376K, reserved 1048576K
}
Event: 14.228 GC heap before
{Heap before GC invocations=13 (full 2):
 PSYoungGen      total 219136K, used 218657K [0x00000000d6f80000, 0x00000000e6200000, 0x0000000100000000)
  eden space 209408K, 100% used [0x00000000d6f80000,0x00000000e3c00000,0x00000000e3c00000)
  from space 9728K, 95% used [0x00000000e5880000,0x00000000e6188470,0x00000000e6200000)
  to   space 16384K, 0% used [0x00000000e4200000,0x00000000e4200000,0x00000000e5200000)
 ParOldGen       total 86016K, used 18078K [0x0000000084e00000, 0x000000008a200000, 0x00000000d6f80000)
  object space 86016K, 21% used [0x0000000084e00000,0x0000000085fa7b68,0x000000008a200000)
 Metaspace       used 54090K, capacity 56066K, committed 56448K, reserved 1097728K
  class space    used 7144K, capacity 7528K, committed 7552K, reserved 1048576K
Event: 14.264 GC heap after
Heap after GC invocations=13 (full 2):
 PSYoungGen      total 231936K, used 16357K [0x00000000d6f80000, 0x00000000e9e00000, 0x0000000100000000)
  eden space 215552K, 0% used [0x00000000d6f80000,0x00000000d6f80000,0x00000000e4200000)
  from space 16384K, 99% used [0x00000000e4200000,0x00000000e51f95d0,0x00000000e5200000)
  to   space 21504K, 0% used [0x00000000e8900000,0x00000000e8900000,0x00000000e9e00000)
 ParOldGen       total 86016K, used 25054K [0x0000000084e00000, 0x000000008a200000, 0x00000000d6f80000)
  object space 86016K, 29% used [0x0000000084e00000,0x0000000086677bb0,0x000000008a200000)
 Metaspace       used 54090K, capacity 56066K, committed 56448K, reserved 1097728K
  class space    used 7144K, capacity 7528K, committed 7552K, reserved 1048576K
}

