# JRE version: Java(TM) SE Runtime Environment (8.0_72-b15) (build 1.8.0_72-b15)
# Java VM: Java HotSpot(TM) 64-Bit Server VM (25.72-b15 mixed mode windows-amd64 compressed oops)
Heap:
 PSYoungGen      total 228864K, used 11189K [0x00000000d6f80000, 0x00000000e7180000, 0x0000000100000000)
  eden space 219136K, 5% used [0x00000000d6f80000,0x00000000d7a6d5d0,0x00000000e4580000)
  from space 9728K, 0% used [0x00000000e6800000,0x00000000e6800000,0x00000000e7180000)
  to   space 16896K, 0% used [0x00000000e5080000,0x00000000e5080000,0x00000000e6100000)
 ParOldGen       total 124416K, used 32141K [0x0000000084e00000, 0x000000008c780000, 0x00000000d6f80000)
  object space 124416K, 25% used [0x0000000084e00000,0x0000000086d63700,0x000000008c780000)
 Metaspace       used 57408K, capacity 59490K, committed 59816K, reserved 1101824K
  class space    used 7861K, capacity 8258K, committed 8360K, reserved 1048576K
GC Heap History (10 events):
Event: 7.627 GC heap before
{Heap before GC invocations=11 (full 2):
 PSYoungGen      total 183808K, used 12124K [0x00000000d6f80000, 0x00000000e7880000, 0x0000000100000000)
  eden space 167936K, 0% used [0x00000000d6f80000,0x00000000d6f80000,0x00000000e1380000)
  from space 15872K, 76% used [0x00000000e1380000,0x00000000e1f57138,0x00000000e2300000)
  to   space 16896K, 0% used [0x00000000e6800000,0x00000000e6800000,0x00000000e7880000)
 ParOldGen       total 55296K, used 17233K [0x0000000084e00000, 0x0000000088400000, 0x00000000d6f80000)
  object space 55296K, 31% used [0x0000000084e00000,0x0000000085ed4498,0x0000000088400000)
 Metaspace       used 33849K, capacity 35484K, committed 35496K, reserved 1079296K
  class space    used 4430K, capacity 4767K, committed 4776K, reserved 1048576K
Event: 7.730 GC heap after
Heap after GC invocations=11 (full 2):
 PSYoungGen      total 183808K, used 0K [0x00000000d6f80000, 0x00000000e7880000, 0x0000000100000000)
  eden space 167936K, 0% used [0x00000000d6f80000,0x00000000d6f80000,0x00000000e1380000)
  from space 15872K, 0% used [0x00000000e1380000,0x00000000e1380000,0x00000000e2300000)
  to   space 16896K, 0% used [0x00000000e6800000,0x00000000e6800000,0x00000000e7880000)
 ParOldGen       total 82944K, used 18025K [0x0000000084e00000, 0x0000000089f00000, 0x00000000d6f80000)
  object space 82944K, 21% used [0x0000000084e00000,0x0000000085f9a600,0x0000000089f00000)
 Metaspace       used 33849K, capacity 35484K, committed 35496K, reserved 1079296K
  class space    used 4430K, capacity 4767K, committed 4776K, reserved 1048576K
}
Event: 9.911 GC heap before
{Heap before GC invocations=12 (full 2):
 PSYoungGen      total 183808K, used 167936K [0x00000000d6f80000, 0x00000000e7880000, 0x0000000100000000)
  eden space 167936K, 100% used [0x00000000d6f80000,0x00000000e1380000,0x00000000e1380000)
  from space 15872K, 0% used [0x00000000e1380000,0x00000000e1380000,0x00000000e2300000)
  to   space 16896K, 0% used [0x00000000e6800000,0x00000000e6800000,0x00000000e7880000)
 ParOldGen       total 82944K, used 18025K [0x0000000084e00000, 0x0000000089f00000, 0x00000000d6f80000)
  object space 82944K, 21% used [0x0000000084e00000,0x0000000085f9a600,0x0000000089f00000)
 Metaspace       used 38216K, capacity 40088K, committed 40232K, reserved 1083392K
  class space    used 4955K, capacity 5303K, committed 5416K, reserved 1048576K
Event: 9.921 GC heap after
Heap after GC invocations=12 (full 2):
 PSYoungGen      total 228864K, used 9509K [0x00000000d6f80000, 0x00000000e7180000, 0x0000000100000000)
  eden space 219136K, 0% used [0x00000000d6f80000,0x00000000d6f80000,0x00000000e4580000)
  from space 9728K, 97% used [0x00000000e6800000,0x00000000e7149690,0x00000000e7180000)
  to   space 16896K, 0% used [0x00000000e5080000,0x00000000e5080000,0x00000000e6100000)
 ParOldGen       total 82944K, used 18033K [0x0000000084e00000, 0x0000000089f00000, 0x00000000d6f80000)
  object space 82944K, 21% used [0x0000000084e00000,0x0000000085f9c600,0x0000000089f00000)
 Metaspace       used 38216K, capacity 40088K, committed 40232K, reserved 1083392K
  class space    used 4955K, capacity 5303K, committed 5416K, reserved 1048576K
}
Event: 15.209 GC heap before
{Heap before GC invocations=13 (full 2):
 PSYoungGen      total 228864K, used 228645K [0x00000000d6f80000, 0x00000000e7180000, 0x0000000100000000)
  eden space 219136K, 100% used [0x00000000d6f80000,0x00000000e4580000,0x00000000e4580000)
  from space 9728K, 97% used [0x00000000e6800000,0x00000000e7149690,0x00000000e7180000)
  to   space 16896K, 0% used [0x00000000e5080000,0x00000000e5080000,0x00000000e6100000)
 ParOldGen       total 82944K, used 18033K [0x0000000084e00000, 0x0000000089f00000, 0x00000000d6f80000)
  object space 82944K, 21% used [0x0000000084e00000,0x0000000085f9c600,0x0000000089f00000)
 Metaspace       used 55818K, capacity 57866K, committed 58280K, reserved 1099776K
  class space    used 7399K, capacity 7796K, committed 7848K, reserved 1048576K
Event: 15.239 GC heap after
Heap after GC invocations=13 (full 2):
 PSYoungGen      total 236032K, used 16867K [0x00000000d6f80000, 0x00000000e7180000, 0x0000000100000000)
  eden space 219136K, 0% used [0x00000000d6f80000,0x00000000d6f80000,0x00000000e4580000)
  from space 16896K, 99% used [0x00000000e5080000,0x00000000e60f8f20,0x00000000e6100000)
  to   space 9728K, 0% used [0x00000000e6800000,0x00000000e6800000,0x00000000e7180000)
 ParOldGen       total 82944K, used 26578K [0x0000000084e00000, 0x0000000089f00000, 0x00000000d6f80000)
  object space 82944K, 32% used [0x0000000084e00000,0x00000000867f4a58,0x0000000089f00000)
 Metaspace       used 55818K, capacity 57866K, committed 58280K, reserved 1099776K
  class space    used 7399K, capacity 7796K, committed 7848K, reserved 1048576K
}
Event: 15.798 GC heap before
{Heap before GC invocations=14 (full 2):
 PSYoungGen      total 236032K, used 38470K [0x00000000d6f80000, 0x00000000e7180000, 0x0000000100000000)
  eden space 219136K, 9% used [0x00000000d6f80000,0x00000000d84989d8,0x00000000e4580000)
  from space 16896K, 99% used [0x00000000e5080000,0x00000000e60f8f20,0x00000000e6100000)
  to   space 9728K, 0% used [0x00000000e6800000,0x00000000e6800000,0x00000000e7180000)
 ParOldGen       total 82944K, used 26578K [0x0000000084e00000, 0x0000000089f00000, 0x00000000d6f80000)
  object space 82944K, 32% used [0x0000000084e00000,0x00000000867f4a58,0x0000000089f00000)
 Metaspace       used 56993K, capacity 59068K, committed 59160K, reserved 1099776K
  class space    used 7698K, capacity 8097K, committed 8104K, reserved 1048576K
Event: 15.813 GC heap after
Heap after GC invocations=14 (full 2):
 PSYoungGen      total 228864K, used 896K [0x00000000d6f80000, 0x00000000e7180000, 0x0000000100000000)
  eden space 219136K, 0% used [0x00000000d6f80000,0x00000000d6f80000,0x00000000e4580000)
  from space 9728K, 9% used [0x00000000e6800000,0x00000000e68e0000,0x00000000e7180000)
  to   space 16896K, 0% used [0x00000000e5080000,0x00000000e5080000,0x00000000e6100000)
 ParOldGen       total 82944K, used 40911K [0x0000000084e00000, 0x0000000089f00000, 0x00000000d6f80000)
  object space 82944K, 49% used [0x0000000084e00000,0x00000000875f3e90,0x0000000089f00000)
 Metaspace       used 56993K, capacity 59068K, committed 59160K, reserved 1099776K
  class space    used 7698K, capacity 8097K, committed 8104K, reserved 1048576K
}
Event: 15.813 GC heap before
{Heap before GC invocations=15 (full 3):
 PSYoungGen      total 228864K, used 896K [0x00000000d6f80000, 0x00000000e7180000, 0x0000000100000000)
  eden space 219136K, 0% used [0x00000000d6f80000,0x00000000d6f80000,0x00000000e4580000)
  from space 9728K, 9% used [0x00000000e6800000,0x00000000e68e0000,0x00000000e7180000)
  to   space 16896K, 0% used [0x00000000e5080000,0x00000000e5080000,0x00000000e6100000)
 ParOldGen       total 82944K, used 40911K [0x0000000084e00000, 0x0000000089f00000, 0x00000000d6f80000)
  object space 82944K, 49% used [0x0000000084e00000,0x00000000875f3e90,0x0000000089f00000)
 Metaspace       used 56993K, capacity 59068K, committed 59160K, reserved 1099776K
  class space    used 7698K, capacity 8097K, committed 8104K, reserved 1048576K
Event: 16.101 GC heap after
Heap after GC invocations=15 (full 3):
 PSYoungGen      total 228864K, used 0K [0x00000000d6f80000, 0x00000000e7180000, 0x0000000100000000)
  eden space 219136K, 0% used [0x00000000d6f80000,0x00000000d6f80000,0x00000000e4580000)
  from space 9728K, 0% used [0x00000000e6800000,0x00000000e6800000,0x00000000e7180000)
  to   space 16896K, 0% used [0x00000000e5080000,0x00000000e5080000,0x00000000e6100000)
 ParOldGen       total 124416K, used 32141K [0x0000000084e00000, 0x000000008c780000, 0x00000000d6f80000)
  object space 124416K, 25% used [0x0000000084e00000,0x0000000086d63700,0x000000008c780000)
 Metaspace       used 56993K, capacity 59068K, committed 59160K, reserved 1099776K
  class space    used 7698K, capacity 8097K, committed 8104K, reserved 1048576K
}

